<?xml version="1.0" encoding="UTF-8"?>
<testng-results ignored="0" total="1" passed="1" failed="0" skipped="0">
  <reporter-output>
  </reporter-output>
  <suite started-at="2022-10-11T23:44:55Z" name="Andromeda" finished-at="2022-10-11T23:45:02Z" duration-ms="7203">
    <groups>
    </groups>
    <test started-at="2022-10-11T23:44:55Z" name="Banking Test" finished-at="2022-10-11T23:45:02Z" duration-ms="7203">
      <class name="com.qa.testCases.TestBanking">
        <test-method is-config="true" signature="setUpSuite()[pri:0, instance:com.qa.testCases.TestBanking@6c2ed0cd]" started-at="2022-10-11T23:44:54Z" name="setUpSuite" finished-at="2022-10-11T23:44:55Z" duration-ms="1113" status="PASS">
          <reporter-output>
          </reporter-output>
        </test-method> <!-- setUpSuite -->
        <test-method is-config="true" signature="setUP()[pri:0, instance:com.qa.testCases.TestBanking@6c2ed0cd]" started-at="2022-10-11T23:44:55Z" name="setUP" finished-at="2022-10-11T23:44:59Z" duration-ms="3585" status="PASS">
          <reporter-output>
          </reporter-output>
        </test-method> <!-- setUP -->
        <test-method signature="openBankSite()[pri:0, instance:com.qa.testCases.TestBanking@6c2ed0cd]" started-at="2022-10-11T23:44:59Z" name="openBankSite" finished-at="2022-10-11T23:45:00Z" duration-ms="1277" status="PASS">
          <reporter-output>
          </reporter-output>
        </test-method> <!-- openBankSite -->
        <test-method is-config="true" signature="tearDownMethod(org.testng.ITestResult)[pri:0, instance:com.qa.testCases.TestBanking@6c2ed0cd]" started-at="2022-10-11T23:45:00Z" name="tearDownMethod" finished-at="2022-10-11T23:45:00Z" duration-ms="269" status="PASS">
          <params>
            <param index="0">
              <value>
                <![CDATA[[TestResult name=openBankSite status=SUCCESS method=TestBanking.openBankSite()[pri:0, instance:com.qa.testCases.TestBanking@6c2ed0cd] output={null}]]]>
              </value>
            </param>
          </params>
          <reporter-output>
          </reporter-output>
        </test-method> <!-- tearDownMethod -->
        <test-method is-config="true" signature="tearDown()[pri:0, instance:com.qa.testCases.TestBanking@6c2ed0cd]" started-at="2022-10-11T23:45:00Z" name="tearDown" finished-at="2022-10-11T23:45:02Z" duration-ms="2023" status="PASS">
          <reporter-output>
          </reporter-output>
        </test-method> <!-- tearDown -->
      </class> <!-- com.qa.testCases.TestBanking -->
    </test> <!-- Banking Test -->
  </suite> <!-- Andromeda -->
</testng-results>
