<?xml version="1.0" encoding="UTF-8"?>
<testng-results ignored="0" total="1" passed="1" failed="0" skipped="0">
  <reporter-output>
  </reporter-output>
  <suite started-at="2022-10-09T14:34:32Z" name="Command line suite" finished-at="2022-10-09T14:34:40Z" duration-ms="7982">
    <groups>
    </groups>
    <test started-at="2022-10-09T14:34:32Z" name="Command line test" finished-at="2022-10-09T14:34:40Z" duration-ms="7982">
      <class name="com.qa.testCases.TestBanking">
        <test-method is-config="true" signature="setUp()[pri:0, instance:com.qa.testCases.TestBanking@6973b51b]" started-at="2022-10-09T14:34:32Z" name="setUp" finished-at="2022-10-09T14:34:36Z" duration-ms="3453" status="PASS">
          <reporter-output>
          </reporter-output>
        </test-method> <!-- setUp -->
        <test-method signature="openBankSite()[pri:0, instance:com.qa.testCases.TestBanking@6973b51b]" started-at="2022-10-09T14:34:36Z" name="openBankSite" finished-at="2022-10-09T14:34:39Z" duration-ms="3237" status="PASS">
          <reporter-output>
          </reporter-output>
        </test-method> <!-- openBankSite -->
        <test-method is-config="true" signature="tearDown()[pri:0, instance:com.qa.testCases.TestBanking@6973b51b]" started-at="2022-10-09T14:34:39Z" name="tearDown" finished-at="2022-10-09T14:34:40Z" duration-ms="1260" status="PASS">
          <reporter-output>
          </reporter-output>
        </test-method> <!-- tearDown -->
      </class> <!-- com.qa.testCases.TestBanking -->
    </test> <!-- Command line test -->
  </suite> <!-- Command line suite -->
</testng-results>
